#
# A fatal error has been detected by the Java Runtime Environment:
#
#  EXCEPTION_ACCESS_VIOLATION (0xc0000005) at pc=0x000007fedf287710, pid=6560, tid=7084
#
# JRE version: 6.0_17-b04
# Java VM: Java HotSpot(TM) 64-Bit Server VM (14.3-b01 mixed mode windows-amd64 )
# Problematic frame:
# C  0x000007fedf287710
#
# If you would like to submit a bug report, please visit:
#   http://java.sun.com/webapps/bugreport/crash.jsp
# The crash happened outside the Java Virtual Machine in native code.
# See problematic frame for where to report the bug.
#

---------------  T H R E A D  ---------------

Current thread (0x0000000063b21800):  JavaThread "AWT-EventQueue-0" [_thread_in_native, id=7084, stack(0x00000000636d0000,0x0000000063750000)]

siginfo: ExceptionCode=0xc0000005, ExceptionInformation=0x0000000000000008 0x000007fedf287710

Registers:
EAX=0x0000000000000002, EBX=0x000000006374e080, ECX=0xffffffffb60119b6, EDX=0x0000000000000000
ESP=0x000000006374db18, EBP=0x0000000000000009, ESI=0x000000000000001b, EDI=0x00000000640e5140
EIP=0x000007fedf287710, EFLAGS=0x0000000000010246

Top of Stack: (sp=0x000000006374db18)
0x000000006374db18:   00000000731d4f02 0000000000000000
0x000000006374db28:   0000000078d15cc0 00007c337172843b
0x000000006374db38:   0000000062d3a740 0000000000000009
0x000000006374db48:   0000000078012591 0000000000000522
0x000000006374db58:   000000000000000a 0000000000cc0020
0x000000006374db68:   0000000078be35ff 000000000520f970
0x000000006374db78:   00000000342050e0 0000000064a1eaf0
0x000000006374db88:   0000000005210aa0 0000000064a1e380
0x000000006374db98:   0000000078c5e5f4 0000000064a1e380
0x000000006374dba8:   0000000062d3a740 0000000000000000
0x000000006374dbb8:   0000000005210aa0 000000006374dc08
0x000000006374dbc8:   0000000063b21800 00000000000000b8
0x000000006374dbd8:   000000003f29c7f8 0000000064a1eaf0
0x000000006374dbe8:   0000000064a1eb00 0000000064a1eed8
0x000000006374dbf8:   0000000000000000 0000000064a1eed8
0x000000006374dc08:   0000000064a1e390 0000000064a1e390 

Instructions: (pc=0x000007fedf287710)
0x000007fedf287700:   
[error occurred during error reporting (printing registers, top of stack, instructions near pc), id 0xc0000005]

Stack: [0x00000000636d0000,0x0000000063750000],  sp=0x000000006374db18,  free space=502k
Native frames: (J=compiled Java code, j=interpreted, Vv=VM code, C=native code)
C  0x000007fedf287710

Java frames: (J=compiled Java code, j=interpreted, Vv=VM code)
J  sun.java2d.loops.DrawGlyphListLCD.DrawGlyphListLCD(Lsun/java2d/SunGraphics2D;Lsun/java2d/SurfaceData;Lsun/font/GlyphList;)V
J  sun.java2d.pipe.GlyphListPipe.drawString(Lsun/java2d/SunGraphics2D;Ljava/lang/String;DD)V
j  sun.java2d.pipe.ValidatePipe.drawString(Lsun/java2d/SunGraphics2D;Ljava/lang/String;DD)V+17
j  sun.java2d.SunGraphics2D.drawString(Ljava/lang/String;II)V+60
j  sun.swing.SwingUtilities2.drawString(Ljavax/swing/JComponent;Ljava/awt/Graphics;Ljava/lang/String;II)V+246
j  sun.swing.SwingUtilities2.drawStringUnderlineCharAt(Ljavax/swing/JComponent;Ljava/awt/Graphics;Ljava/lang/String;III)V+19
j  com.sun.java.swing.plaf.windows.WindowsLabelUI.paintDisabledText(Ljavax/swing/JLabel;Ljava/awt/Graphics;Ljava/lang/String;II)V+60
j  javax.swing.plaf.basic.BasicLabelUI.paint(Ljava/awt/Graphics;Ljavax/swing/JComponent;)V+183
j  javax.swing.plaf.ComponentUI.update(Ljava/awt/Graphics;Ljavax/swing/JComponent;)V+32
J  javax.swing.JComponent.paintComponent(Ljava/awt/Graphics;)V
J  javax.swing.JComponent.paint(Ljava/awt/Graphics;)V
J  javax.swing.JComponent.paintChildren(Ljava/awt/Graphics;)V
J  javax.swing.JComponent.paint(Ljava/awt/Graphics;)V
J  javax.swing.JComponent.paintChildren(Ljava/awt/Graphics;)V
J  javax.swing.JComponent.paint(Ljava/awt/Graphics;)V
J  javax.swing.JComponent.paintChildren(Ljava/awt/Graphics;)V
J  javax.swing.JComponent.paint(Ljava/awt/Graphics;)V
j  java.awt.GraphicsCallback$PaintCallback.run(Ljava/awt/Component;Ljava/awt/Graphics;)V+2
j  sun.awt.SunGraphicsCallback.runOneComponent(Ljava/awt/Component;Ljava/awt/Rectangle;Ljava/awt/Graphics;Ljava/awt/Shape;I)V+155
j  sun.awt.SunGraphicsCallback.runComponents([Ljava/awt/Component;Ljava/awt/Graphics;I)V+104
j  java.awt.Container.paint(Ljava/awt/Graphics;)V+73
j  sun.awt.RepaintArea.paintComponent(Ljava/awt/Component;Ljava/awt/Graphics;)V+6
j  sun.awt.RepaintArea.paint(Ljava/lang/Object;Z)V+326
j  sun.awt.windows.WComponentPeer.handleEvent(Ljava/awt/AWTEvent;)V+107
j  java.awt.Component.dispatchEventImpl(Ljava/awt/AWTEvent;)V+853
j  java.awt.Container.dispatchEventImpl(Ljava/awt/AWTEvent;)V+42
J  java.awt.EventDispatchThread.pumpOneEventForFilters(I)Z
J  java.awt.EventDispatchThread.pumpEventsForFilter(ILjava/awt/Conditional;Ljava/awt/EventFilter;)V
j  java.awt.EventDispatchThread.pumpEventsForHierarchy(ILjava/awt/Conditional;Ljava/awt/Component;)V+11
j  java.awt.EventDispatchThread.pumpEvents(ILjava/awt/Conditional;)V+4
j  java.awt.EventDispatchThread.pumpEvents(Ljava/awt/Conditional;)V+3
j  java.awt.EventDispatchThread.run()V+9
v  ~StubRoutines::call_stub

---------------  P R O C E S S  ---------------

Java Threads: ( => current thread )
  0x0000000063b2c800 JavaThread "Code Analyzer updating thread" [_thread_blocked, id=5124, stack(0x00000000736a0000,0x0000000073720000)]
  0x0000000063b2b000 JavaThread "Active Reference Queue Daemon" daemon [_thread_blocked, id=3304, stack(0x000000006f6a0000,0x000000006f720000)]
  0x0000000063b24800 JavaThread "Timer-23" daemon [_thread_blocked, id=5844, stack(0x000000006b280000,0x000000006b300000)]
  0x0000000063b23800 JavaThread "Prefs Updater" daemon [_thread_blocked, id=8856, stack(0x000000006b960000,0x000000006b9e0000)]
  0x0000000063b23000 JavaThread "Foxtrot Single Worker Thread #1" daemon [_thread_blocked, id=6656, stack(0x0000000063920000,0x00000000639a0000)]
  0x0000000063b28800 JavaThread "Timer-8" daemon [_thread_blocked, id=8264, stack(0x000000001acc0000,0x000000001ad40000)]
  0x0000000063b28000 JavaThread "Explorer NavigationContext request queue" [_thread_blocked, id=8644, stack(0x000000001ad40000,0x000000001adc0000)]
  0x0000000063b26800 JavaThread "AddressBar directory emptiness poller" [_thread_blocked, id=5284, stack(0x000000006b890000,0x000000006b910000)]
  0x0000000063b25000 JavaThread "Timer-1" [_thread_blocked, id=7204, stack(0x000000006b6b0000,0x000000006b730000)]
  0x0000000063b22000 JavaThread "TimerQueue" daemon [_thread_blocked, id=1592, stack(0x0000000066ab0000,0x0000000066b30000)]
=>0x0000000063b21800 JavaThread "AWT-EventQueue-0" [_thread_in_native, id=7084, stack(0x00000000636d0000,0x0000000063750000)]
  0x0000000063b20800 JavaThread "AWT-Shutdown" [_thread_blocked, id=7924, stack(0x00000000634a0000,0x0000000063520000)]
  0x000000006486f800 JavaThread "FelixPackageAdmin" daemon [_thread_blocked, id=7876, stack(0x0000000063860000,0x00000000638e0000)]
  0x000000006486f000 JavaThread "FelixStartLevel" daemon [_thread_blocked, id=1260, stack(0x0000000065a80000,0x0000000065b00000)]
  0x00000000645bf000 JavaThread "FelixDispatchQueue" daemon [_thread_blocked, id=6248, stack(0x00000000659d0000,0x0000000065a50000)]
  0x0000000064132800 JavaThread "com.google.common.base.internal.Finalizer" daemon [_thread_blocked, id=6572, stack(0x0000000063160000,0x00000000631e0000)]
  0x0000000064253800 JavaThread "AWT-Windows" daemon [_thread_in_native, id=6108, stack(0x00000000573d0000,0x0000000057450000)]
  0x0000000064252800 JavaThread "Java2D Disposer" daemon [_thread_blocked, id=8564, stack(0x00000000531d0000,0x0000000053250000)]
  0x0000000062ae3000 JavaThread "Timer-0" [_thread_blocked, id=4004, stack(0x000000005f6f0000,0x000000005f770000)]
  0x0000000063d4a800 JavaThread "EventMgr Dispatcher" daemon [_thread_in_native, id=8652, stack(0x0000000022e30000,0x0000000026e30000)]
  0x000000005b595000 JavaThread "Low Memory Detector" daemon [_thread_blocked, id=6216, stack(0x0000000033200000,0x0000000033280000)]
  0x000000005b591800 JavaThread "CompilerThread1" daemon [_thread_blocked, id=5088, stack(0x0000000080000000,0x0000000084000000)]
  0x000000005b543000 JavaThread "CompilerThread0" daemon [_thread_blocked, id=9172, stack(0x0000000066ca0000,0x000000006aca0000)]
  0x000000005b542800 JavaThread "Attach Listener" daemon [_thread_blocked, id=5052, stack(0x000000002b090000,0x000000002b110000)]
  0x00000000052cb000 JavaThread "Finalizer" daemon [_thread_blocked, id=9128, stack(0x00000000332d0000,0x0000000033350000)]
  0x00000000052ca000 JavaThread "Reference Handler" daemon [_thread_blocked, id=6708, stack(0x000000004f150000,0x000000004f1d0000)]
  0x00000000051ce800 JavaThread "main" [_thread_in_native, id=4516, stack(0x00000000001e0000,0x00000000041e0000)]

Other Threads:
  0x000000005b522800 VMThread [stack: 0x000000005b6f0000,0x000000005f6f0000] [id=4520]
  0x000000005b5c0000 WatcherThread [stack: 0x0000000084080000,0x0000000088080000] [id=7212]

VM state:not at safepoint (normal execution)

VM Mutex/Monitor currently owned by a thread: None

Heap
 PSYoungGen      total 18688K, used 2708K [0x0000000048010000, 0x000000004a7f0000, 0x000000004b110000)
  eden space 17280K, 7% used [0x0000000048010000,0x000000004815fd90,0x00000000490f0000)
  from space 1408K, 96% used [0x0000000049150000,0x00000000492a55b8,0x00000000492b0000)
  to   space 11776K, 0% used [0x0000000049c70000,0x0000000049c70000,0x000000004a7f0000)
 PSOldGen        total 67136K, used 59260K [0x000000003ed10000, 0x0000000042ea0000, 0x0000000048010000)
  object space 67136K, 88% used [0x000000003ed10000,0x00000000426ef230,0x0000000042ea0000)
 PSPermGen       total 99072K, used 65260K [0x0000000036d10000, 0x000000003cdd0000, 0x000000003ed10000)
  object space 99072K, 65% used [0x0000000036d10000,0x000000003accb1d8,0x000000003cdd0000)

Dynamic libraries:
0x000000013f720000 - 0x000000013f752000 	D:\MATlab\bin\win64\MATLAB.exe
0x0000000077860000 - 0x0000000077a09000 	C:\Windows\SYSTEM32\ntdll.dll
0x0000000077640000 - 0x000000007775f000 	C:\Windows\system32\kernel32.dll
0x000007fefd5a0000 - 0x000007fefd60c000 	C:\Windows\system32\KERNELBASE.dll
0x0000000074460000 - 0x0000000074554000 	D:\MATlab\bin\win64\libut.dll
0x00000000758a0000 - 0x0000000075952000 	D:\MATlab\bin\win64\libmwi18n.dll
0x0000000180000000 - 0x000000018000b000 	D:\MATlab\bin\win64\libmwresource_core.dll
0x000000006b420000 - 0x000000006b4f3000 	C:\Windows\WinSxS\amd64_microsoft.vc90.crt_1fc8b3b9a1e18e3b_9.0.30729.6161_none_08e61857a83bc251\MSVCP90.dll
0x000000006f7f0000 - 0x000000006f893000 	C:\Windows\WinSxS\amd64_microsoft.vc90.crt_1fc8b3b9a1e18e3b_9.0.30729.6161_none_08e61857a83bc251\MSVCR90.dll
0x000000007a170000 - 0x000000007a19c000 	D:\MATlab\bin\win64\boost_filesystem-vc90-mt-1_44.dll
0x000000007a560000 - 0x000000007a569000 	D:\MATlab\bin\win64\boost_system-vc90-mt-1_44.dll
0x000007fefd940000 - 0x000007fefda1b000 	C:\Windows\system32\ADVAPI32.dll
0x000007fefdba0000 - 0x000007fefdc3f000 	C:\Windows\system32\msvcrt.dll
0x000007fefe610000 - 0x000007fefe62f000 	C:\Windows\SYSTEM32\sechost.dll
0x000007fefe250000 - 0x000007fefe37d000 	C:\Windows\system32\RPCRT4.dll
0x000000007a010000 - 0x000000007a035000 	D:\MATlab\bin\win64\LIBEXPAT.dll
0x0000000062740000 - 0x0000000062931000 	D:\MATlab\bin\win64\icuin44.dll
0x00000000625c0000 - 0x0000000062731000 	D:\MATlab\bin\win64\icuuc44.dll
0x0000000010000000 - 0x0000000010e41000 	D:\MATlab\bin\win64\icudt44.dll
0x0000000073f70000 - 0x00000000740ad000 	D:\MATlab\bin\win64\libmwfl.dll
0x0000000004250000 - 0x0000000004546000 	D:\MATlab\bin\win64\libmwMATLAB_res.dll
0x000000007a3b0000 - 0x000000007a3c0000 	D:\MATlab\bin\win64\boost_date_time-vc90-mt-1_44.dll
0x000000007a250000 - 0x000000007a263000 	D:\MATlab\bin\win64\boost_signals-vc90-mt-1_44.dll
0x000000007a2d0000 - 0x000000007a2e2000 	D:\MATlab\bin\win64\boost_thread-vc90-mt-1_44.dll
0x0000000004590000 - 0x00000000045d6000 	D:\MATlab\bin\win64\tbb.dll
0x000007fefeaf0000 - 0x000007fefeb09000 	C:\Windows\system32\imagehlp.dll
0x0000000077a30000 - 0x0000000077a37000 	C:\Windows\system32\PSAPI.DLL
0x000000006ba50000 - 0x000000006ba63000 	D:\MATlab\bin\win64\icuio44.dll
0x000007fef8170000 - 0x000007fef8295000 	C:\Windows\system32\dbghelp.dll
0x0000000077760000 - 0x000000007785a000 	C:\Windows\system32\USER32.dll
0x000007fefd8d0000 - 0x000007fefd937000 	C:\Windows\system32\GDI32.dll
0x000007fefe630000 - 0x000007fefe63e000 	C:\Windows\system32\LPK.dll
0x000007fefda20000 - 0x000007fefdae9000 	C:\Windows\system32\USP10.dll
0x000000007bed0000 - 0x000000007c183000 	D:\MATlab\bin\win64\libmwservices.dll
0x0000000075a20000 - 0x0000000075ae2000 	D:\MATlab\bin\win64\libmx.dll
0x000000007a210000 - 0x000000007a228000 	D:\MATlab\bin\win64\zlib1.dll
0x0000000004630000 - 0x0000000004651000 	D:\MATlab\bin\win64\libmwmfl_scalar.dll
0x0000000075f10000 - 0x0000000075f5d000 	D:\MATlab\bin\win64\mpath.dll
0x000000007b680000 - 0x000000007bbe1000 	D:\MATlab\bin\win64\mlutil.dll
0x000000006b560000 - 0x000000006b5df000 	D:\MATlab\bin\win64\xmlcore.dll
0x000000007bc30000 - 0x000000007be83000 	D:\MATlab\bin\win64\xerces-c_2_7.dll
0x000007fefe200000 - 0x000007fefe24d000 	C:\Windows\system32\WS2_32.dll
0x000007fefdaf0000 - 0x000007fefdaf8000 	C:\Windows\system32\NSI.dll
0x00000000046b0000 - 0x00000000046ca000 	D:\MATlab\bin\win64\libmwMATLAB_settings_res.dll
0x00000000046e0000 - 0x0000000004727000 	D:\MATlab\bin\win64\boost_serialization-vc90-mt-1_44.dll
0x000007fefeb10000 - 0x000007feff899000 	C:\Windows\system32\SHELL32.dll
0x000007fefe380000 - 0x000007fefe3f1000 	C:\Windows\system32\SHLWAPI.dll
0x000007fefa600000 - 0x000007fefa6a0000 	C:\Windows\WinSxS\amd64_microsoft.windows.common-controls_6595b64144ccf1df_5.82.7601.18201_none_a4d3b9377117c3df\COMCTL32.dll
0x000007fefdb00000 - 0x000007fefdb97000 	C:\Windows\system32\COMDLG32.dll
0x000007fefb070000 - 0x000007fefb086000 	C:\Windows\system32\NETAPI32.dll
0x000007fefb060000 - 0x000007fefb06c000 	C:\Windows\system32\netutils.dll
0x000007fefcf20000 - 0x000007fefcf43000 	C:\Windows\system32\srvcli.dll
0x000007fefb040000 - 0x000007fefb055000 	C:\Windows\system32\wkscli.dll
0x000007fefe400000 - 0x000007fefe603000 	C:\Windows\system32\ole32.dll
0x000007fefdc40000 - 0x000007fefdd17000 	C:\Windows\system32\OLEAUT32.dll
0x0000000074970000 - 0x0000000074b06000 	D:\MATlab\bin\win64\mcr.dll
0x0000000075000000 - 0x000000007536b000 	D:\MATlab\bin\win64\iqm.dll
0x0000000061be0000 - 0x0000000062401000 	D:\MATlab\bin\win64\m_interpreter.dll
0x000000006ba20000 - 0x000000006ba45000 	D:\MATlab\bin\win64\libmex.dll
0x0000000062500000 - 0x00000000625b3000 	D:\MATlab\bin\win64\m_dispatcher.dll
0x0000000074880000 - 0x000000007496d000 	D:\MATlab\bin\win64\boost_regex-vc90-mt-1_44.dll
0x0000000062470000 - 0x00000000624f4000 	D:\MATlab\bin\win64\profiler.dll
0x00000000047b0000 - 0x0000000004a05000 	D:\MATlab\bin\win64\libmwmathutil.dll
0x0000000079f40000 - 0x0000000079f6d000 	D:\MATlab\bin\win64\libmwmathrng.dll
0x0000000074c10000 - 0x0000000074ced000 	D:\MATlab\bin\win64\libmwmathcore.dll
0x0000000076160000 - 0x00000000761cb000 	D:\MATlab\bin\win64\libmwspmatrix.dll
0x0000000075ea0000 - 0x0000000075f02000 	D:\MATlab\bin\win64\libmwcholmod.dll
0x000000007a460000 - 0x000000007a46d000 	D:\MATlab\bin\win64\libmwamd.dll
0x000000007a4b0000 - 0x000000007a4bc000 	D:\MATlab\bin\win64\libmwcolamd.dll
0x000000006ba00000 - 0x000000006ba19000 	D:\MATlab\bin\win64\libmwblas.dll
0x000000006b630000 - 0x000000006b642000 	D:\MATlab\bin\win64\libmwbinder.dll
0x000000006b550000 - 0x000000006b55b000 	D:\MATlab\bin\win64\libmwompwrapper.dll
0x000000006b330000 - 0x000000006b3b6000 	D:\MATlab\bin\win64\libmwlapack.dll
0x000000006b520000 - 0x000000006b541000 	D:\MATlab\bin\win64\m_pcodeio.dll
0x0000000079b10000 - 0x0000000079b77000 	D:\MATlab\bin\win64\m_ir.dll
0x0000000061590000 - 0x0000000061be0000 	D:\MATlab\bin\win64\m_parser.dll
0x000000006b500000 - 0x000000006b51a000 	D:\MATlab\bin\win64\ir_xfmr.dll
0x0000000061310000 - 0x0000000061589000 	D:\MATlab\bin\win64\mcos.dll
0x000000006b410000 - 0x000000006b41c000 	D:\MATlab\bin\win64\mtok.dll
0x0000000066b60000 - 0x0000000066b91000 	D:\MATlab\bin\win64\m_pcodegen.dll
0x0000000079fb0000 - 0x0000000079fe7000 	D:\MATlab\bin\win64\libmwbridge.dll
0x0000000061240000 - 0x0000000061308000 	D:\MATlab\bin\win64\udd.dll
0x00000000610e0000 - 0x0000000061232000 	D:\MATlab\bin\win64\libmwgui.dll
0x00000000639e0000 - 0x00000000639f7000 	D:\MATlab\bin\win64\graphics_util.dll
0x000000005fd60000 - 0x0000000060703000 	D:\MATlab\bin\win64\hg.dll
0x0000000004b80000 - 0x0000000004be7000 	D:\MATlab\bin\win64\libmat.dll
0x0000000072d30000 - 0x0000000072f44000 	D:\MATlab\bin\win64\hdf5dll.dll
0x0000000075710000 - 0x00000000757c1000 	D:\MATlab\bin\win64\jmi.dll
0x0000000004c20000 - 0x0000000004c2e000 	D:\MATlab\bin\win64\nativejava_services.dll
0x0000000061090000 - 0x00000000610d2000 	D:\MATlab\bin\win64\libmwhardcopy.dll
0x0000000061030000 - 0x000000006108a000 	D:\MATlab\bin\win64\libuij.dll
0x0000000060e20000 - 0x000000006102c000 	D:\MATlab\bin\win64\hgdatatypes.dll
0x0000000060d20000 - 0x0000000060e1d000 	D:\MATlab\bin\win64\hgutils.dll
0x0000000060c60000 - 0x0000000060d1d000 	D:\MATlab\bin\win64\udd_mi.dll
0x0000000004c90000 - 0x0000000004ccb000 	D:\MATlab\bin\win64\libmwgbtutils.dll
0x0000000004ce0000 - 0x0000000004cf9000 	D:\MATlab\bin\win64\libmwgbt.dll
0x0000000004d10000 - 0x0000000004fda000 	D:\MATlab\bin\win64\uiw.dll
0x0000000066b50000 - 0x0000000066b5f000 	D:\MATlab\bin\win64\uinone.dll
0x000007fef4160000 - 0x000007fef4178000 	C:\Windows\system32\MPR.dll
0x000000005f870000 - 0x000000005fd54000 	C:\Windows\WinSxS\amd64_microsoft.vc90.mfc_1fc8b3b9a1e18e3b_9.0.30729.6161_none_044aad0bab1eb146\mfc90.dll
0x000007fefac80000 - 0x000007fefac87000 	C:\Windows\system32\MSIMG32.dll
0x000007fefa260000 - 0x000007fefa2d1000 	C:\Windows\system32\WINSPOOL.DRV
0x00000000639c0000 - 0x00000000639e0000 	D:\MATlab\bin\win64\mwoles05.DLL
0x0000000060be0000 - 0x0000000060c5c000 	D:\MATlab\bin\win64\comcli.dll
0x0000000060bb0000 - 0x0000000060bdf000 	C:\Windows\WinSxS\amd64_microsoft.vc90.atl_1fc8b3b9a1e18e3b_9.0.30729.6161_none_0a1fd3a3a768b895\ATL90.DLL
0x0000000066a90000 - 0x0000000066a9c000 	D:\MATlab\bin\win64\mlautoregister.dll
0x0000000005030000 - 0x0000000005040000 	D:\MATlab\bin\win64\boost_iostreams-vc90-mt-1_44.dll
0x000007feff8a0000 - 0x000007feff8ce000 	C:\Windows\system32\IMM32.DLL
0x000007feff8d0000 - 0x000007feff9d9000 	C:\Windows\system32\MSCTF.dll
0x000007fefd330000 - 0x000007fefd35f000 	C:\Windows\system32\nvinitx.dll
0x000000000f000000 - 0x000000000f006000 	C:\Program Files\NVIDIA Corporation\CoProcManager\_etoured.dll
0x000007fefabb0000 - 0x000007fefac0f000 	C:\Program Files\NVIDIA Corporation\CoProcManager\nvd3d9wrapx.dll
0x000007fefe640000 - 0x000007fefe817000 	C:\Windows\system32\SETUPAPI.dll
0x000007fefd650000 - 0x000007fefd686000 	C:\Windows\system32\CFGMGR32.dll
0x000007fefd7e0000 - 0x000007fefd7fa000 	C:\Windows\system32\DEVOBJ.dll
0x000007fefa6a0000 - 0x000007fefa6e6000 	C:\Program Files\NVIDIA Corporation\CoProcManager\nvdxgiwrapx.dll
0x000007fefba70000 - 0x000007fefbac6000 	C:\Windows\system32\UxTheme.dll
0x000007fefd6b0000 - 0x000007fefd6c8000 	C:\Windows\system32\dwmapi.dll
0x0000000063770000 - 0x0000000063779000 	C:\Windows\WinSxS\amd64_microsoft.vc90.mfcloc_1fc8b3b9a1e18e3b_9.0.30729.6161_none_01c9581e60cbee58\MFC90CHS.DLL
0x0000000005350000 - 0x0000000005379000 	D:\MATlab\bin\win64\tbbmalloc.dll
0x000007fee1aa0000 - 0x000007fee1bd7000 	C:\ProgramData\QvodPlayer\QvodWebBase\1.0.0.52\QvodWebBase64.dll
0x000007fef4e80000 - 0x000007fef4ef1000 	C:\Windows\system32\WINHTTP.dll
0x000007fef4e10000 - 0x000007fef4e74000 	C:\Windows\system32\webio.dll
0x000007fefc440000 - 0x000007fefc44c000 	C:\Windows\system32\VERSION.dll
0x000007feff9e0000 - 0x000007feffb65000 	C:\Windows\system32\urlmon.dll
0x000007fefd800000 - 0x000007fefd804000 	C:\Windows\system32\api-ms-win-downlevel-ole32-l1-1-0.dll
0x000007fefd6e0000 - 0x000007fefd6e4000 	C:\Windows\system32\api-ms-win-downlevel-shlwapi-l1-1-0.dll
0x000007fefd690000 - 0x000007fefd695000 	C:\Windows\system32\api-ms-win-downlevel-advapi32-l1-1-0.dll

VM Arguments:
jvm_args: -Xss512k -XX:PermSize=32m -Xms64m -XX:NewRatio=3 -XX:MaxPermSize=128m -Xmx196m -XX:MaxDirectMemorySize=2147400000 -Dsun.java2d.noddraw=true -Dsun.awt.nopixfmt=true -Xshare:off -Xrs -Dsun.awt.disableMixing=true -Djava.library.path=D:\MATlab\bin\win64 vfprintf abort -Duser.language=en -Duser.country=US 
java_command: <unknown>
Launcher Type: generic

Environment Variables:
PATH=C:\Program Files (x86)\NVIDIA Corporation\PhysX\Common;C:\Windows\system32;C:\Windows;C:\Windows\system32\wbem;c:\Program Files (x86)\Microsoft SQL Server\100\Tools\Binn\;c:\Program Files\Microsoft SQL Server\100\Tools\Binn\;c:\Program Files\Microsoft SQL Server\100\DTS\Binn\;C:\Program Files (x86)\Intel\OpenCL SDK\2.0\bin\x86;C:\Program Files (x86)\Intel\OpenCL SDK\2.0\bin\x64;C:\Program Files\Microsoft SQL Server\90\DTS\Binn\;C:\Program Files\Microsoft SQL Server\90\Tools\binn\;C:\Program Files (x86)\Microsoft SQL Server\90\Tools\binn\;C:\Program Files (x86)\Microsoft SQL Server\90\DTS\Binn\;C:\Program Files (x86)\Microsoft SQL Server\90\Tools\Binn\VSShell\Common7\IDE\;C:\Program Files (x86)\Microsoft Visual Studio 8\Common7\IDE\PrivateAssemblies\
USERNAME=1
OS=Windows_NT
PROCESSOR_IDENTIFIER=Intel64 Family 6 Model 42 Stepping 7, GenuineIntel



---------------  S Y S T E M  ---------------

OS: Windows 7 Build 7601 Service Pack 1

CPU:total 4 (8 cores per cpu, 2 threads per core) family 6 model 42 stepping 7, cmov, cx8, fxsr, mmx, sse, sse2, sse3, ssse3, sse4.1, sse4.2, ht

Memory: 4k page, physical 4000960k(1058864k free), swap 8000064k(4381832k free)

vm_info: Java HotSpot(TM) 64-Bit Server VM (14.3-b01) for windows-amd64 JRE (1.6.0_17-b04), built on Oct 11 2009 00:46:08 by "java_re" with MS VC++ 8.0

time: Tue Apr 21 21:03:20 2015
elapsed time: 777 seconds

